Invalid argument passed to method.
Expected nil to be a Hash, but got NilClass.

004_Validation.rb:29:in `validate'
001_StartGame.rb:62:in `load'
001_New_UI_Load.rb:106:in `initialize'
001_UI_SplashesAndTitleScreen.rb:90:in `new'
001_UI_SplashesAndTitleScreen.rb:90:in `close_title_screen'
005_Event_Handlers.rb:47:in `call'
005_Event_Handlers.rb:47:in `block in trigger'
005_Event_Handlers.rb:42:in `each'
005_Event_Handlers.rb:42:in `trigger'
002_EventScene.rb:173:in `update'
002_EventScene.rb:179:in `main'
001_UI_SplashesAndTitleScreen.rb:121:in `main'
999_Main.rb:37:in `mainFunctionDebug'
999_Main.rb:22:in `mainFunction'
999_Main.rb:47:in `block (2 levels) in load_scripts_from_folder'
999_Main.rb:46:in `loop'
999_Main.rb:46:in `block in load_scripts_from_folder'
Section000:31:in `eval'
Section000:31:in `block in load_scripts_from_folder'
Section000:28:in `each'
Section000:28:in `load_scripts_from_folder'
Section000:41:in `block in load_scripts_from_folder'
Section000:40:in `each'
Section000:40:in `load_scripts_from_folder'
Section000:45:in `<main>'
-e:in `eval'